<?xml version="1.0" encoding="UTF-8"?>
<!-- Generated by org.testng.reporters.JUnitReportReporter -->
<testsuite hostname="DESKTOP-4T9R7PN" failures="0" tests="1" name="com.qa.skyDoc.runner.TestRunner" time="2339.875" errors="0" timestamp="4 Dec 2020 16:40:28 GMT">
  <testcase classname="com.qa.skyDoc.runner.TestRunner" name="feature" time="2339.875"/>
</testsuite> <!-- com.qa.skyDoc.runner.TestRunner -->
